<?xml version="1.0" encoding="UTF-8"?>
<coverage generated="1644678470419" clover="3.2.0">
  <project timestamp="1644678470419" name="All files">
    <metrics statements="25" coveredstatements="25" conditionals="20" coveredconditionals="18" methods="5" coveredmethods="5" elements="50" coveredelements="48" complexity="0" loc="25" ncloc="25" packages="2" files="2" classes="2"/>
    <package name="es5">
      <metrics statements="4" coveredstatements="4" conditionals="0" coveredconditionals="0" methods="1" coveredmethods="1"/>
      <file name="index.js" path="C:\repos\New folder\dist\lib\es5\index.js">
        <metrics statements="4" coveredstatements="4" conditionals="0" coveredconditionals="0" methods="1" coveredmethods="1"/>
        <line num="2" count="1" type="stmt"/>
        <line num="3" count="1" type="stmt"/>
        <line num="4" count="1" type="stmt"/>
        <line num="5" count="1" type="stmt"/>
      </file>
    </package>
    <package name="es5.point">
      <metrics statements="21" coveredstatements="21" conditionals="20" coveredconditionals="18" methods="4" coveredmethods="4"/>
      <file name="index.js" path="C:\repos\New folder\dist\lib\es5\point\index.js">
        <metrics statements="21" coveredstatements="21" conditionals="20" coveredconditionals="18" methods="4" coveredmethods="4"/>
        <line num="2" count="1" type="stmt"/>
        <line num="3" count="1" type="stmt"/>
        <line num="4" count="1" type="stmt"/>
        <line num="5" count="55" type="stmt"/>
        <line num="6" count="55" type="stmt"/>
        <line num="7" count="87" type="stmt"/>
        <line num="9" count="55" type="stmt"/>
        <line num="13" count="55" type="stmt"/>
        <line num="14" count="56" type="stmt"/>
        <line num="15" count="56" type="stmt"/>
        <line num="16" count="88" type="stmt"/>
        <line num="18" count="56" type="stmt"/>
        <line num="19" count="56" type="cond" truecount="2" falsecount="0"/>
        <line num="27" count="55" type="stmt"/>
        <line num="28" count="56" type="cond" truecount="5" falsecount="1"/>
        <line num="29" count="56" type="cond" truecount="5" falsecount="1"/>
        <line num="30" count="56" type="stmt"/>
        <line num="32" count="55" type="stmt"/>
        <line num="33" count="55" type="stmt"/>
        <line num="35" count="1" type="stmt"/>
        <line num="36" count="1" type="stmt"/>
      </file>
    </package>
  </project>
</coverage>
