{"C:\\repos\\New folder\\dist\\lib\\es5\\index.js": {"path":"C:\\repos\\New folder\\dist\\lib\\es5\\index.js","statementMap":{"0":{"start":{"line":2,"column":0},"end":{"line":2,"column":62}},"1":{"start":{"line":3,"column":0},"end":{"line":3,"column":19}},"2":{"start":{"line":4,"column":14},"end":{"line":4,"column":32}},"3":{"start":{"line":5,"column":0},"end":{"line":5,"column":98}},"4":{"start":{"line":5,"column":75},"end":{"line":5,"column":92}}},"fnMap":{"0":{"name":"(anonymous_0)","decl":{"start":{"line":5,"column":61},"end":{"line":5,"column":62}},"loc":{"start":{"line":5,"column":73},"end":{"line":5,"column":94}},"line":5}},"branchMap":{},"s":{"0":1,"1":1,"2":1,"3":1,"4":1},"f":{"0":1},"b":{},"_coverageSchema":"1a1c01bbd47fc00a2c39e90264f33305004495a9","hash":"0c285c42dce1712577e90b923bd5d790a5f35877"}
,"C:\\repos\\New folder\\dist\\lib\\es5\\point\\index.js": {"path":"C:\\repos\\New folder\\dist\\lib\\es5\\point\\index.js","statementMap":{"0":{"start":{"line":2,"column":0},"end":{"line":2,"column":62}},"1":{"start":{"line":3,"column":0},"end":{"line":3,"column":19}},"2":{"start":{"line":4,"column":8},"end":{"line":34,"column":1}},"3":{"start":{"line":5,"column":15},"end":{"line":5,"column":17}},"4":{"start":{"line":6,"column":4},"end":{"line":8,"column":5}},"5":{"start":{"line":6,"column":18},"end":{"line":6,"column":19}},"6":{"start":{"line":7,"column":8},"end":{"line":7,"column":33}},"7":{"start":{"line":9,"column":19},"end":{"line":12,"column":6}},"8":{"start":{"line":13,"column":14},"end":{"line":26,"column":5}},"9":{"start":{"line":14,"column":17},"end":{"line":14,"column":19}},"10":{"start":{"line":15,"column":8},"end":{"line":17,"column":9}},"11":{"start":{"line":15,"column":22},"end":{"line":15,"column":23}},"12":{"start":{"line":16,"column":12},"end":{"line":16,"column":35}},"13":{"start":{"line":18,"column":16},"end":{"line":18,"column":21}},"14":{"start":{"line":18,"column":27},"end":{"line":18,"column":32}},"15":{"start":{"line":19,"column":8},"end":{"line":25,"column":37}},"16":{"start":{"line":27,"column":14},"end":{"line":31,"column":5}},"17":{"start":{"line":28,"column":8},"end":{"line":28,"column":82}},"18":{"start":{"line":29,"column":8},"end":{"line":29,"column":82}},"19":{"start":{"line":30,"column":8},"end":{"line":30,"column":24}},"20":{"start":{"line":32,"column":4},"end":{"line":32,"column":67}},"21":{"start":{"line":32,"column":45},"end":{"line":32,"column":64}},"22":{"start":{"line":33,"column":4},"end":{"line":33,"column":40}},"23":{"start":{"line":35,"column":0},"end":{"line":35,"column":14}},"24":{"start":{"line":36,"column":0},"end":{"line":36,"column":49}}},"fnMap":{"0":{"name":"(anonymous_0)","decl":{"start":{"line":4,"column":8},"end":{"line":4,"column":9}},"loc":{"start":{"line":4,"column":20},"end":{"line":34,"column":1}},"line":4},"1":{"name":"(anonymous_1)","decl":{"start":{"line":13,"column":14},"end":{"line":13,"column":15}},"loc":{"start":{"line":13,"column":26},"end":{"line":26,"column":5}},"line":13},"2":{"name":"(anonymous_2)","decl":{"start":{"line":27,"column":14},"end":{"line":27,"column":15}},"loc":{"start":{"line":27,"column":31},"end":{"line":31,"column":5}},"line":27},"3":{"name":"(anonymous_3)","decl":{"start":{"line":32,"column":30},"end":{"line":32,"column":31}},"loc":{"start":{"line":32,"column":43},"end":{"line":32,"column":66}},"line":32}},"branchMap":{"0":{"loc":{"start":{"line":19,"column":15},"end":{"line":25,"column":36}},"type":"cond-expr","locations":[{"start":{"line":20,"column":14},"end":{"line":20,"column":34}},{"start":{"line":21,"column":14},"end":{"line":25,"column":36}}],"line":19},"1":{"loc":{"start":{"line":21,"column":14},"end":{"line":25,"column":36}},"type":"cond-expr","locations":[{"start":{"line":22,"column":18},"end":{"line":22,"column":36}},{"start":{"line":23,"column":18},"end":{"line":25,"column":36}}],"line":21},"2":{"loc":{"start":{"line":23,"column":18},"end":{"line":25,"column":36}},"type":"cond-expr","locations":[{"start":{"line":24,"column":22},"end":{"line":24,"column":36}},{"start":{"line":25,"column":22},"end":{"line":25,"column":36}}],"line":23},"3":{"loc":{"start":{"line":23,"column":18},"end":{"line":23,"column":64}},"type":"binary-expr","locations":[{"start":{"line":23,"column":18},"end":{"line":23,"column":39}},{"start":{"line":23,"column":43},"end":{"line":23,"column":64}}],"line":23},"4":{"loc":{"start":{"line":28,"column":21},"end":{"line":28,"column":81}},"type":"binary-expr","locations":[{"start":{"line":28,"column":22},"end":{"line":28,"column":75}},{"start":{"line":28,"column":80},"end":{"line":28,"column":81}}],"line":28},"5":{"loc":{"start":{"line":28,"column":22},"end":{"line":28,"column":75}},"type":"cond-expr","locations":[{"start":{"line":28,"column":59},"end":{"line":28,"column":65}},{"start":{"line":28,"column":68},"end":{"line":28,"column":75}}],"line":28},"6":{"loc":{"start":{"line":28,"column":22},"end":{"line":28,"column":56}},"type":"binary-expr","locations":[{"start":{"line":28,"column":22},"end":{"line":28,"column":36}},{"start":{"line":28,"column":40},"end":{"line":28,"column":56}}],"line":28},"7":{"loc":{"start":{"line":29,"column":21},"end":{"line":29,"column":81}},"type":"binary-expr","locations":[{"start":{"line":29,"column":22},"end":{"line":29,"column":75}},{"start":{"line":29,"column":80},"end":{"line":29,"column":81}}],"line":29},"8":{"loc":{"start":{"line":29,"column":22},"end":{"line":29,"column":75}},"type":"cond-expr","locations":[{"start":{"line":29,"column":59},"end":{"line":29,"column":65}},{"start":{"line":29,"column":68},"end":{"line":29,"column":75}}],"line":29},"9":{"loc":{"start":{"line":29,"column":22},"end":{"line":29,"column":56}},"type":"binary-expr","locations":[{"start":{"line":29,"column":22},"end":{"line":29,"column":36}},{"start":{"line":29,"column":40},"end":{"line":29,"column":56}}],"line":29}},"s":{"0":1,"1":1,"2":1,"3":55,"4":55,"5":55,"6":87,"7":55,"8":55,"9":56,"10":56,"11":56,"12":88,"13":56,"14":56,"15":56,"16":55,"17":56,"18":56,"19":56,"20":55,"21":1,"22":55,"23":1,"24":1},"f":{"0":55,"1":56,"2":56,"3":1},"b":{"0":[4,52],"1":[4,48],"2":[34,14],"3":[48,46],"4":[56,8],"5":[0,56],"6":[56,56],"7":[56,8],"8":[0,56],"9":[56,56]},"_coverageSchema":"1a1c01bbd47fc00a2c39e90264f33305004495a9","hash":"d3cb51243ea33785690132c8ebb736eeccc83b21"}
}
