TN:
SF:dist\lib\es5\index.js
FN:5,(anonymous_0)
FNF:1
FNH:1
FNDA:1,(anonymous_0)
DA:2,1
DA:3,1
DA:4,1
DA:5,1
LF:4
LH:4
BRF:0
BRH:0
end_of_record
TN:
SF:dist\lib\es5\point\index.js
FN:4,(anonymous_0)
FN:13,(anonymous_1)
FN:27,(anonymous_2)
FN:32,(anonymous_3)
FNF:4
FNH:4
FNDA:55,(anonymous_0)
FNDA:56,(anonymous_1)
FNDA:56,(anonymous_2)
FNDA:1,(anonymous_3)
DA:2,1
DA:3,1
DA:4,1
DA:5,55
DA:6,55
DA:7,87
DA:9,55
DA:13,55
DA:14,56
DA:15,56
DA:16,88
DA:18,56
DA:19,56
DA:27,55
DA:28,56
DA:29,56
DA:30,56
DA:32,55
DA:33,55
DA:35,1
DA:36,1
LF:21
LH:21
BRDA:19,0,0,4
BRDA:19,0,1,52
BRDA:21,1,0,4
BRDA:21,1,1,48
BRDA:23,2,0,34
BRDA:23,2,1,14
BRDA:23,3,0,48
BRDA:23,3,1,46
BRDA:28,4,0,56
BRDA:28,4,1,8
BRDA:28,5,0,0
BRDA:28,5,1,56
BRDA:28,6,0,56
BRDA:28,6,1,56
BRDA:29,7,0,56
BRDA:29,7,1,8
BRDA:29,8,0,0
BRDA:29,8,1,56
BRDA:29,9,0,56
BRDA:29,9,1,56
BRF:20
BRH:18
end_of_record
